This is METAFONT, Version 2.7182818 (TeX Live 2016) (INIMF)  8 NOV 2016 18:23
(/home/thiago/Dropbox/Programacao/TikZ-TAK/texlive/texmf-dist/web2c/cp227.tcx)
**mf.ini

(/home/thiago/Dropbox/Programacao/TikZ-TAK/texlive/texmf-dist/metafont/config/m
f.ini
(/home/thiago/Dropbox/Programacao/TikZ-TAK/texlive/texmf-dist/metafont/base/pla
in.mf
Preloading the plain base, version 2.71: preliminaries,
 basic constants and mathematical macros,
 macros for converting from device-independent units to pixels,
 macros and tables for various modes of operation,
 macros for drawing and filling,
 macros for proof labels and rules,
 macros for character and font administration,
and a few last-minute items.)
(/home/thiago/Dropbox/Programacao/TikZ-TAK/texlive/texmf-dist/metafont/misc/mod
es.mf) )
Beginning to dump on file mf.base
 (preloaded base=mf 2016.11.8)
2226 strings of total length 30211
11855 memory locations dumped; current usage is 3651&7844
1004 symbolic tokens
